CONVERTING	C:\Users\mirce\OneDrive\Proiecte\uSBWheel\uSBWheel_cubeMx\build\stm32uSBWheel_cubeMx.elf
LOADING	C:\Users\mirce\OneDrive\Proiecte\uSBWheel\uSBWheel_cubeMx\build\stm32uSBWheel_cubeMx.elf
ANALYZING
ANALYZING
LOADING 	36704 bytes
Download monitor
	DONEPrograming sector number 0
	DONEPrograming sector number 1
	DONEPrograming sector number 2
	DONEPrograming sector number 3
	DONEPrograming sector number 4
	DONEPrograming sector number 5
	DONEPrograming sector number 6
	DONEPrograming sector number 7
	DONEPrograming sector number 8
	DONEPrograming sector number 9
	DONEPrograming sector number 10
	DONEPrograming sector number 11
	DONEPrograming sector number 12
	DONEPrograming sector number 13
	DONEPrograming sector number 14
	DONEPrograming sector number 15
	DONEPrograming sector number 16
	DONEPrograming sector number 17
	DONEPrograming sector number 18
	DONEPrograming sector number 19
	DONEPrograming sector number 20
	DONEPrograming sector number 21
	DONEPrograming sector number 22
	DONEPrograming sector number 23
	DONEPrograming sector number 24
	DONEPrograming sector number 25
	DONEPrograming sector number 26
	DONEPrograming sector number 27
	DONEPrograming sector number 28
	DONEPrograming sector number 29
	DONEPrograming sector number 30
	DONEPrograming sector number 31
	DONEPrograming sector number 32
	DONEPrograming sector number 33
	DONEPrograming sector number 34
	DONEPrograming sector number 35
	DONEWrite to FLASH
	DONE