ARM GAS  /tmp/ccDo9Dmu.s 			page 1


   1              		.cpu cortex-m3
   2              		.eabi_attribute 20, 1
   3              		.eabi_attribute 21, 1
   4              		.eabi_attribute 23, 3
   5              		.eabi_attribute 24, 1
   6              		.eabi_attribute 25, 1
   7              		.eabi_attribute 26, 1
   8              		.eabi_attribute 30, 6
   9              		.eabi_attribute 34, 1
  10              		.eabi_attribute 18, 4
  11              		.file	"apedals.c"
  12              		.text
  13              	.Ltext0:
  14              		.cfi_sections	.debug_frame
  15              		.comm	pAcc,1,1
  16              		.comm	pBrk,1,1
  17              		.comm	pData,2,4
  18              		.section	.text.apedals_init,"ax",%progbits
  19              		.align	1
  20              		.global	apedals_init
  21              		.syntax unified
  22              		.thumb
  23              		.thumb_func
  24              		.fpu softvfp
  26              	apedals_init:
  27              	.LFB66:
  28              		.file 1 "Application/aPedals/apedals.c"
   1:Application/aPedals/apedals.c **** /*
   2:Application/aPedals/apedals.c ****  * apedals.c
   3:Application/aPedals/apedals.c ****  *
   4:Application/aPedals/apedals.c ****  *  Created on: Sep 23, 2015
   5:Application/aPedals/apedals.c ****  *      Author: M
   6:Application/aPedals/apedals.c ****  *  Description:
   7:Application/aPedals/apedals.c ****  *  	Checks the values received from the BLE/UART modules for the pedals and if changed then update
   8:Application/aPedals/apedals.c ****  */
   9:Application/aPedals/apedals.c **** 
  10:Application/aPedals/apedals.c **** #include "stm32f1xx_hal.h"
  11:Application/aPedals/apedals.c **** #include "aBle2UARTApi.h"
  12:Application/aPedals/apedals.c **** 
  13:Application/aPedals/apedals.c **** uint8_t pAcc;
  14:Application/aPedals/apedals.c **** uint8_t pBrk;
  15:Application/aPedals/apedals.c **** // uint8_t pDataChanged;
  16:Application/aPedals/apedals.c **** uint8_t pData[2];
  17:Application/aPedals/apedals.c **** 
  18:Application/aPedals/apedals.c **** void apedals_init( void )
  19:Application/aPedals/apedals.c **** {
  29              		.loc 1 19 0
  30              		.cfi_startproc
  31              		@ args = 0, pretend = 0, frame = 0
  32              		@ frame_needed = 1, uses_anonymous_args = 0
  33 0000 80B5     		push	{r7, lr}
  34              	.LCFI0:
  35              		.cfi_def_cfa_offset 8
  36              		.cfi_offset 7, -8
  37              		.cfi_offset 14, -4
  38 0002 00AF     		add	r7, sp, #0
  39              	.LCFI1:
ARM GAS  /tmp/ccDo9Dmu.s 			page 2


  40              		.cfi_def_cfa_register 7
  20:Application/aPedals/apedals.c **** 	pAcc = 0u;
  41              		.loc 1 20 0
  42 0004 074B     		ldr	r3, .L2
  43 0006 0022     		movs	r2, #0
  44 0008 1A70     		strb	r2, [r3]
  21:Application/aPedals/apedals.c **** 	pBrk = 0u;
  45              		.loc 1 21 0
  46 000a 074B     		ldr	r3, .L2+4
  47 000c 0022     		movs	r2, #0
  48 000e 1A70     		strb	r2, [r3]
  22:Application/aPedals/apedals.c **** 	pData[0] = 0u;
  49              		.loc 1 22 0
  50 0010 064B     		ldr	r3, .L2+8
  51 0012 0022     		movs	r2, #0
  52 0014 1A70     		strb	r2, [r3]
  23:Application/aPedals/apedals.c **** 	pData[1] = 0u;
  53              		.loc 1 23 0
  54 0016 054B     		ldr	r3, .L2+8
  55 0018 0022     		movs	r2, #0
  56 001a 5A70     		strb	r2, [r3, #1]
  24:Application/aPedals/apedals.c **** 	// pDataChanged = 0u;
  25:Application/aPedals/apedals.c **** 
  26:Application/aPedals/apedals.c **** 	aBle2UART_init();
  57              		.loc 1 26 0
  58 001c FFF7FEFF 		bl	aBle2UART_init
  27:Application/aPedals/apedals.c **** }
  59              		.loc 1 27 0
  60 0020 00BF     		nop
  61 0022 80BD     		pop	{r7, pc}
  62              	.L3:
  63              		.align	2
  64              	.L2:
  65 0024 00000000 		.word	pAcc
  66 0028 00000000 		.word	pBrk
  67 002c 00000000 		.word	pData
  68              		.cfi_endproc
  69              	.LFE66:
  71              		.section	.text.apedals_StoreNewValues,"ax",%progbits
  72              		.align	1
  73              		.global	apedals_StoreNewValues
  74              		.syntax unified
  75              		.thumb
  76              		.thumb_func
  77              		.fpu softvfp
  79              	apedals_StoreNewValues:
  80              	.LFB67:
  28:Application/aPedals/apedals.c **** 
  29:Application/aPedals/apedals.c **** void apedals_StoreNewValues( uint8_t buf[] )
  30:Application/aPedals/apedals.c **** {
  81              		.loc 1 30 0
  82              		.cfi_startproc
  83              		@ args = 0, pretend = 0, frame = 8
  84              		@ frame_needed = 1, uses_anonymous_args = 0
  85              		@ link register save eliminated.
  86 0000 80B4     		push	{r7}
  87              	.LCFI2:
ARM GAS  /tmp/ccDo9Dmu.s 			page 3


  88              		.cfi_def_cfa_offset 4
  89              		.cfi_offset 7, -4
  90 0002 83B0     		sub	sp, sp, #12
  91              	.LCFI3:
  92              		.cfi_def_cfa_offset 16
  93 0004 00AF     		add	r7, sp, #0
  94              	.LCFI4:
  95              		.cfi_def_cfa_register 7
  96 0006 7860     		str	r0, [r7, #4]
  31:Application/aPedals/apedals.c **** 	/*copy data from UART to pedals buffer*/
  32:Application/aPedals/apedals.c **** 	/*first pedal*/
  33:Application/aPedals/apedals.c **** 	/*add first character*/
  34:Application/aPedals/apedals.c **** 	if ( (buf[0] >= '0') && (buf[0] <= '9') )
  97              		.loc 1 34 0
  98 0008 7B68     		ldr	r3, [r7, #4]
  99 000a 1B78     		ldrb	r3, [r3]	@ zero_extendqisi2
 100 000c 2F2B     		cmp	r3, #47
 101 000e 0AD9     		bls	.L5
 102              		.loc 1 34 0 is_stmt 0 discriminator 1
 103 0010 7B68     		ldr	r3, [r7, #4]
 104 0012 1B78     		ldrb	r3, [r3]	@ zero_extendqisi2
 105 0014 392B     		cmp	r3, #57
 106 0016 06D8     		bhi	.L5
  35:Application/aPedals/apedals.c **** 	{
  36:Application/aPedals/apedals.c **** 		pAcc = (buf[0]-'0') * 16u;
 107              		.loc 1 36 0 is_stmt 1
 108 0018 7B68     		ldr	r3, [r7, #4]
 109 001a 1B78     		ldrb	r3, [r3]	@ zero_extendqisi2
 110 001c 1B01     		lsls	r3, r3, #4
 111 001e DAB2     		uxtb	r2, r3
 112 0020 364B     		ldr	r3, .L13
 113 0022 1A70     		strb	r2, [r3]
 114 0024 07E0     		b	.L6
 115              	.L5:
  37:Application/aPedals/apedals.c **** 	}
  38:Application/aPedals/apedals.c **** 	else
  39:Application/aPedals/apedals.c **** 	{/*must be between A and F*/
  40:Application/aPedals/apedals.c **** 		pAcc = (10u + buf[0]-'A') * 16u;
 116              		.loc 1 40 0
 117 0026 7B68     		ldr	r3, [r7, #4]
 118 0028 1B78     		ldrb	r3, [r3]	@ zero_extendqisi2
 119 002a 0933     		adds	r3, r3, #9
 120 002c DBB2     		uxtb	r3, r3
 121 002e 1B01     		lsls	r3, r3, #4
 122 0030 DAB2     		uxtb	r2, r3
 123 0032 324B     		ldr	r3, .L13
 124 0034 1A70     		strb	r2, [r3]
 125              	.L6:
  41:Application/aPedals/apedals.c **** 	}
  42:Application/aPedals/apedals.c **** 	/*add the second character*/
  43:Application/aPedals/apedals.c **** 	if ( (buf[1] >= '0') && (buf[1] <= '9') )
 126              		.loc 1 43 0
 127 0036 7B68     		ldr	r3, [r7, #4]
 128 0038 0133     		adds	r3, r3, #1
 129 003a 1B78     		ldrb	r3, [r3]	@ zero_extendqisi2
 130 003c 2F2B     		cmp	r3, #47
 131 003e 10D9     		bls	.L7
ARM GAS  /tmp/ccDo9Dmu.s 			page 4


 132              		.loc 1 43 0 is_stmt 0 discriminator 1
 133 0040 7B68     		ldr	r3, [r7, #4]
 134 0042 0133     		adds	r3, r3, #1
 135 0044 1B78     		ldrb	r3, [r3]	@ zero_extendqisi2
 136 0046 392B     		cmp	r3, #57
 137 0048 0BD8     		bhi	.L7
  44:Application/aPedals/apedals.c **** 	{
  45:Application/aPedals/apedals.c **** 		pAcc += (buf[1]-'0');
 138              		.loc 1 45 0 is_stmt 1
 139 004a 7B68     		ldr	r3, [r7, #4]
 140 004c 0133     		adds	r3, r3, #1
 141 004e 1A78     		ldrb	r2, [r3]	@ zero_extendqisi2
 142 0050 2A4B     		ldr	r3, .L13
 143 0052 1B78     		ldrb	r3, [r3]	@ zero_extendqisi2
 144 0054 1344     		add	r3, r3, r2
 145 0056 DBB2     		uxtb	r3, r3
 146 0058 303B     		subs	r3, r3, #48
 147 005a DAB2     		uxtb	r2, r3
 148 005c 274B     		ldr	r3, .L13
 149 005e 1A70     		strb	r2, [r3]
 150 0060 0AE0     		b	.L8
 151              	.L7:
  46:Application/aPedals/apedals.c **** 	}
  47:Application/aPedals/apedals.c **** 	else
  48:Application/aPedals/apedals.c **** 	{/*must be between A and F*/
  49:Application/aPedals/apedals.c **** 		pAcc += (10u + buf[1]-'A');
 152              		.loc 1 49 0
 153 0062 7B68     		ldr	r3, [r7, #4]
 154 0064 0133     		adds	r3, r3, #1
 155 0066 1A78     		ldrb	r2, [r3]	@ zero_extendqisi2
 156 0068 244B     		ldr	r3, .L13
 157 006a 1B78     		ldrb	r3, [r3]	@ zero_extendqisi2
 158 006c 1344     		add	r3, r3, r2
 159 006e DBB2     		uxtb	r3, r3
 160 0070 373B     		subs	r3, r3, #55
 161 0072 DAB2     		uxtb	r2, r3
 162 0074 214B     		ldr	r3, .L13
 163 0076 1A70     		strb	r2, [r3]
 164              	.L8:
  50:Application/aPedals/apedals.c **** 	}
  51:Application/aPedals/apedals.c **** 
  52:Application/aPedals/apedals.c **** 	/*second pedal*/
  53:Application/aPedals/apedals.c **** 	/*add first character*/
  54:Application/aPedals/apedals.c **** 	if ( (buf[2] >= '0') && (buf[2] <= '9') )
 165              		.loc 1 54 0
 166 0078 7B68     		ldr	r3, [r7, #4]
 167 007a 0233     		adds	r3, r3, #2
 168 007c 1B78     		ldrb	r3, [r3]	@ zero_extendqisi2
 169 007e 2F2B     		cmp	r3, #47
 170 0080 0CD9     		bls	.L9
 171              		.loc 1 54 0 is_stmt 0 discriminator 1
 172 0082 7B68     		ldr	r3, [r7, #4]
 173 0084 0233     		adds	r3, r3, #2
 174 0086 1B78     		ldrb	r3, [r3]	@ zero_extendqisi2
 175 0088 392B     		cmp	r3, #57
 176 008a 07D8     		bhi	.L9
  55:Application/aPedals/apedals.c **** 	{
ARM GAS  /tmp/ccDo9Dmu.s 			page 5


  56:Application/aPedals/apedals.c **** 		pBrk = (buf[2]-'0') * 16u;
 177              		.loc 1 56 0 is_stmt 1
 178 008c 7B68     		ldr	r3, [r7, #4]
 179 008e 0233     		adds	r3, r3, #2
 180 0090 1B78     		ldrb	r3, [r3]	@ zero_extendqisi2
 181 0092 1B01     		lsls	r3, r3, #4
 182 0094 DAB2     		uxtb	r2, r3
 183 0096 1A4B     		ldr	r3, .L13+4
 184 0098 1A70     		strb	r2, [r3]
 185 009a 08E0     		b	.L10
 186              	.L9:
  57:Application/aPedals/apedals.c **** 	}
  58:Application/aPedals/apedals.c **** 	else
  59:Application/aPedals/apedals.c **** 	{/*must be between A and F*/
  60:Application/aPedals/apedals.c **** 		pBrk = (10u + buf[2]-'A') * 16u;
 187              		.loc 1 60 0
 188 009c 7B68     		ldr	r3, [r7, #4]
 189 009e 0233     		adds	r3, r3, #2
 190 00a0 1B78     		ldrb	r3, [r3]	@ zero_extendqisi2
 191 00a2 0933     		adds	r3, r3, #9
 192 00a4 DBB2     		uxtb	r3, r3
 193 00a6 1B01     		lsls	r3, r3, #4
 194 00a8 DAB2     		uxtb	r2, r3
 195 00aa 154B     		ldr	r3, .L13+4
 196 00ac 1A70     		strb	r2, [r3]
 197              	.L10:
  61:Application/aPedals/apedals.c **** 	}
  62:Application/aPedals/apedals.c **** 	/*add the second character*/
  63:Application/aPedals/apedals.c **** 	if ( (buf[3] >= '0') && (buf[3] <= '9') )
 198              		.loc 1 63 0
 199 00ae 7B68     		ldr	r3, [r7, #4]
 200 00b0 0333     		adds	r3, r3, #3
 201 00b2 1B78     		ldrb	r3, [r3]	@ zero_extendqisi2
 202 00b4 2F2B     		cmp	r3, #47
 203 00b6 10D9     		bls	.L11
 204              		.loc 1 63 0 is_stmt 0 discriminator 1
 205 00b8 7B68     		ldr	r3, [r7, #4]
 206 00ba 0333     		adds	r3, r3, #3
 207 00bc 1B78     		ldrb	r3, [r3]	@ zero_extendqisi2
 208 00be 392B     		cmp	r3, #57
 209 00c0 0BD8     		bhi	.L11
  64:Application/aPedals/apedals.c **** 	{
  65:Application/aPedals/apedals.c **** 		pBrk += (buf[3]-'0');
 210              		.loc 1 65 0 is_stmt 1
 211 00c2 7B68     		ldr	r3, [r7, #4]
 212 00c4 0333     		adds	r3, r3, #3
 213 00c6 1A78     		ldrb	r2, [r3]	@ zero_extendqisi2
 214 00c8 0D4B     		ldr	r3, .L13+4
 215 00ca 1B78     		ldrb	r3, [r3]	@ zero_extendqisi2
 216 00cc 1344     		add	r3, r3, r2
 217 00ce DBB2     		uxtb	r3, r3
 218 00d0 303B     		subs	r3, r3, #48
 219 00d2 DAB2     		uxtb	r2, r3
 220 00d4 0A4B     		ldr	r3, .L13+4
 221 00d6 1A70     		strb	r2, [r3]
 222 00d8 0AE0     		b	.L12
 223              	.L11:
ARM GAS  /tmp/ccDo9Dmu.s 			page 6


  66:Application/aPedals/apedals.c **** 	}
  67:Application/aPedals/apedals.c **** 	else
  68:Application/aPedals/apedals.c **** 	{/*must be between A and F*/
  69:Application/aPedals/apedals.c **** 		pBrk += (10u + buf[3]-'A');
 224              		.loc 1 69 0
 225 00da 7B68     		ldr	r3, [r7, #4]
 226 00dc 0333     		adds	r3, r3, #3
 227 00de 1A78     		ldrb	r2, [r3]	@ zero_extendqisi2
 228 00e0 074B     		ldr	r3, .L13+4
 229 00e2 1B78     		ldrb	r3, [r3]	@ zero_extendqisi2
 230 00e4 1344     		add	r3, r3, r2
 231 00e6 DBB2     		uxtb	r3, r3
 232 00e8 373B     		subs	r3, r3, #55
 233 00ea DAB2     		uxtb	r2, r3
 234 00ec 044B     		ldr	r3, .L13+4
 235 00ee 1A70     		strb	r2, [r3]
 236              	.L12:
  70:Application/aPedals/apedals.c **** 	}
  71:Application/aPedals/apedals.c **** }
 237              		.loc 1 71 0
 238 00f0 00BF     		nop
 239 00f2 0C37     		adds	r7, r7, #12
 240              	.LCFI5:
 241              		.cfi_def_cfa_offset 4
 242 00f4 BD46     		mov	sp, r7
 243              	.LCFI6:
 244              		.cfi_def_cfa_register 13
 245              		@ sp needed
 246 00f6 80BC     		pop	{r7}
 247              	.LCFI7:
 248              		.cfi_restore 7
 249              		.cfi_def_cfa_offset 0
 250 00f8 7047     		bx	lr
 251              	.L14:
 252 00fa 00BF     		.align	2
 253              	.L13:
 254 00fc 00000000 		.word	pAcc
 255 0100 00000000 		.word	pBrk
 256              		.cfi_endproc
 257              	.LFE67:
 259              		.section	.text.apedalsAsyncTask,"ax",%progbits
 260              		.align	1
 261              		.global	apedalsAsyncTask
 262              		.syntax unified
 263              		.thumb
 264              		.thumb_func
 265              		.fpu softvfp
 267              	apedalsAsyncTask:
 268              	.LFB68:
  72:Application/aPedals/apedals.c **** 
  73:Application/aPedals/apedals.c **** void apedalsAsyncTask( void )
  74:Application/aPedals/apedals.c **** {
 269              		.loc 1 74 0
 270              		.cfi_startproc
 271              		@ args = 0, pretend = 0, frame = 0
 272              		@ frame_needed = 1, uses_anonymous_args = 0
 273 0000 80B5     		push	{r7, lr}
ARM GAS  /tmp/ccDo9Dmu.s 			page 7


 274              	.LCFI8:
 275              		.cfi_def_cfa_offset 8
 276              		.cfi_offset 7, -8
 277              		.cfi_offset 14, -4
 278 0002 00AF     		add	r7, sp, #0
 279              	.LCFI9:
 280              		.cfi_def_cfa_register 7
  75:Application/aPedals/apedals.c **** 	aBleAsyncTask();
 281              		.loc 1 75 0
 282 0004 FFF7FEFF 		bl	aBleAsyncTask
  76:Application/aPedals/apedals.c **** }
 283              		.loc 1 76 0
 284 0008 00BF     		nop
 285 000a 80BD     		pop	{r7, pc}
 286              		.cfi_endproc
 287              	.LFE68:
 289              		.text
 290              	.Letext0:
 291              		.file 2 "/usr/include/newlib/machine/_default_types.h"
 292              		.file 3 "/usr/include/newlib/sys/_stdint.h"
 293              		.file 4 "Drivers/CMSIS/Include/core_cm3.h"
 294              		.file 5 "Drivers/CMSIS/Device/ST/STM32F1xx/Include/system_stm32f1xx.h"
 295              		.file 6 "/usr/include/newlib/sys/lock.h"
 296              		.file 7 "/usr/include/newlib/sys/_types.h"
 297              		.file 8 "/usr/lib/gcc/arm-none-eabi/7.3.1/include/stddef.h"
 298              		.file 9 "/usr/include/newlib/sys/reent.h"
ARM GAS  /tmp/ccDo9Dmu.s 			page 8


DEFINED SYMBOLS
                            *ABS*:0000000000000000 apedals.c
                            *COM*:0000000000000001 pAcc
                            *COM*:0000000000000001 pBrk
                            *COM*:0000000000000002 pData
     /tmp/ccDo9Dmu.s:19     .text.apedals_init:0000000000000000 $t
     /tmp/ccDo9Dmu.s:26     .text.apedals_init:0000000000000000 apedals_init
     /tmp/ccDo9Dmu.s:65     .text.apedals_init:0000000000000024 $d
     /tmp/ccDo9Dmu.s:72     .text.apedals_StoreNewValues:0000000000000000 $t
     /tmp/ccDo9Dmu.s:79     .text.apedals_StoreNewValues:0000000000000000 apedals_StoreNewValues
     /tmp/ccDo9Dmu.s:254    .text.apedals_StoreNewValues:00000000000000fc $d
     /tmp/ccDo9Dmu.s:260    .text.apedalsAsyncTask:0000000000000000 $t
     /tmp/ccDo9Dmu.s:267    .text.apedalsAsyncTask:0000000000000000 apedalsAsyncTask

UNDEFINED SYMBOLS
aBle2UART_init
aBleAsyncTask
