ARM GAS  /tmp/ccqzls93.s 			page 1


   1              		.cpu cortex-m3
   2              		.eabi_attribute 20, 1
   3              		.eabi_attribute 21, 1
   4              		.eabi_attribute 23, 3
   5              		.eabi_attribute 24, 1
   6              		.eabi_attribute 25, 1
   7              		.eabi_attribute 26, 1
   8              		.eabi_attribute 30, 6
   9              		.eabi_attribute 34, 1
  10              		.eabi_attribute 18, 4
  11              		.file	"stm32f1xx_hal_msp.c"
  12              		.text
  13              	.Ltext0:
  14              		.cfi_sections	.debug_frame
  15              		.section	.text.HAL_MspInit,"ax",%progbits
  16              		.align	1
  17              		.global	HAL_MspInit
  18              		.syntax unified
  19              		.thumb
  20              		.thumb_func
  21              		.fpu softvfp
  23              	HAL_MspInit:
  24              	.LFB66:
  25              		.file 1 "Src/stm32f1xx_hal_msp.c"
   1:Src/stm32f1xx_hal_msp.c **** /**
   2:Src/stm32f1xx_hal_msp.c ****   ******************************************************************************
   3:Src/stm32f1xx_hal_msp.c ****   * File Name          : stm32f1xx_hal_msp.c
   4:Src/stm32f1xx_hal_msp.c ****   * Description        : This file provides code for the MSP Initialization 
   5:Src/stm32f1xx_hal_msp.c ****   *                      and de-Initialization codes.
   6:Src/stm32f1xx_hal_msp.c ****   ******************************************************************************
   7:Src/stm32f1xx_hal_msp.c ****   * This notice applies to any and all portions of this file
   8:Src/stm32f1xx_hal_msp.c ****   * that are not between comment pairs USER CODE BEGIN and
   9:Src/stm32f1xx_hal_msp.c ****   * USER CODE END. Other portions of this file, whether 
  10:Src/stm32f1xx_hal_msp.c ****   * inserted by the user or by software development tools
  11:Src/stm32f1xx_hal_msp.c ****   * are owned by their respective copyright owners.
  12:Src/stm32f1xx_hal_msp.c ****   *
  13:Src/stm32f1xx_hal_msp.c ****   * Copyright (c) 2017 STMicroelectronics International N.V. 
  14:Src/stm32f1xx_hal_msp.c ****   * All rights reserved.
  15:Src/stm32f1xx_hal_msp.c ****   *
  16:Src/stm32f1xx_hal_msp.c ****   * Redistribution and use in source and binary forms, with or without 
  17:Src/stm32f1xx_hal_msp.c ****   * modification, are permitted, provided that the following conditions are met:
  18:Src/stm32f1xx_hal_msp.c ****   *
  19:Src/stm32f1xx_hal_msp.c ****   * 1. Redistribution of source code must retain the above copyright notice, 
  20:Src/stm32f1xx_hal_msp.c ****   *    this list of conditions and the following disclaimer.
  21:Src/stm32f1xx_hal_msp.c ****   * 2. Redistributions in binary form must reproduce the above copyright notice,
  22:Src/stm32f1xx_hal_msp.c ****   *    this list of conditions and the following disclaimer in the documentation
  23:Src/stm32f1xx_hal_msp.c ****   *    and/or other materials provided with the distribution.
  24:Src/stm32f1xx_hal_msp.c ****   * 3. Neither the name of STMicroelectronics nor the names of other 
  25:Src/stm32f1xx_hal_msp.c ****   *    contributors to this software may be used to endorse or promote products 
  26:Src/stm32f1xx_hal_msp.c ****   *    derived from this software without specific written permission.
  27:Src/stm32f1xx_hal_msp.c ****   * 4. This software, including modifications and/or derivative works of this 
  28:Src/stm32f1xx_hal_msp.c ****   *    software, must execute solely and exclusively on microcontroller or
  29:Src/stm32f1xx_hal_msp.c ****   *    microprocessor devices manufactured by or for STMicroelectronics.
  30:Src/stm32f1xx_hal_msp.c ****   * 5. Redistribution and use of this software other than as permitted under 
  31:Src/stm32f1xx_hal_msp.c ****   *    this license is void and will automatically terminate your rights under 
  32:Src/stm32f1xx_hal_msp.c ****   *    this license. 
  33:Src/stm32f1xx_hal_msp.c ****   *
ARM GAS  /tmp/ccqzls93.s 			page 2


  34:Src/stm32f1xx_hal_msp.c ****   * THIS SOFTWARE IS PROVIDED BY STMICROELECTRONICS AND CONTRIBUTORS "AS IS" 
  35:Src/stm32f1xx_hal_msp.c ****   * AND ANY EXPRESS, IMPLIED OR STATUTORY WARRANTIES, INCLUDING, BUT NOT 
  36:Src/stm32f1xx_hal_msp.c ****   * LIMITED TO, THE IMPLIED WARRANTIES OF MERCHANTABILITY, FITNESS FOR A 
  37:Src/stm32f1xx_hal_msp.c ****   * PARTICULAR PURPOSE AND NON-INFRINGEMENT OF THIRD PARTY INTELLECTUAL PROPERTY
  38:Src/stm32f1xx_hal_msp.c ****   * RIGHTS ARE DISCLAIMED TO THE FULLEST EXTENT PERMITTED BY LAW. IN NO EVENT 
  39:Src/stm32f1xx_hal_msp.c ****   * SHALL STMICROELECTRONICS OR CONTRIBUTORS BE LIABLE FOR ANY DIRECT, INDIRECT,
  40:Src/stm32f1xx_hal_msp.c ****   * INCIDENTAL, SPECIAL, EXEMPLARY, OR CONSEQUENTIAL DAMAGES (INCLUDING, BUT NOT
  41:Src/stm32f1xx_hal_msp.c ****   * LIMITED TO, PROCUREMENT OF SUBSTITUTE GOODS OR SERVICES; LOSS OF USE, DATA, 
  42:Src/stm32f1xx_hal_msp.c ****   * OR PROFITS; OR BUSINESS INTERRUPTION) HOWEVER CAUSED AND ON ANY THEORY OF 
  43:Src/stm32f1xx_hal_msp.c ****   * LIABILITY, WHETHER IN CONTRACT, STRICT LIABILITY, OR TORT (INCLUDING 
  44:Src/stm32f1xx_hal_msp.c ****   * NEGLIGENCE OR OTHERWISE) ARISING IN ANY WAY OUT OF THE USE OF THIS SOFTWARE,
  45:Src/stm32f1xx_hal_msp.c ****   * EVEN IF ADVISED OF THE POSSIBILITY OF SUCH DAMAGE.
  46:Src/stm32f1xx_hal_msp.c ****   *
  47:Src/stm32f1xx_hal_msp.c ****   ******************************************************************************
  48:Src/stm32f1xx_hal_msp.c ****   */
  49:Src/stm32f1xx_hal_msp.c **** /* Includes ------------------------------------------------------------------*/
  50:Src/stm32f1xx_hal_msp.c **** #include "stm32f1xx_hal.h"
  51:Src/stm32f1xx_hal_msp.c **** 
  52:Src/stm32f1xx_hal_msp.c **** extern void _Error_Handler(char *, int);
  53:Src/stm32f1xx_hal_msp.c **** /* USER CODE BEGIN 0 */
  54:Src/stm32f1xx_hal_msp.c **** 
  55:Src/stm32f1xx_hal_msp.c **** /* USER CODE END 0 */
  56:Src/stm32f1xx_hal_msp.c **** /**
  57:Src/stm32f1xx_hal_msp.c ****   * Initializes the Global MSP.
  58:Src/stm32f1xx_hal_msp.c ****   */
  59:Src/stm32f1xx_hal_msp.c **** void HAL_MspInit(void)
  60:Src/stm32f1xx_hal_msp.c **** {
  26              		.loc 1 60 0
  27              		.cfi_startproc
  28              		@ args = 0, pretend = 0, frame = 8
  29              		@ frame_needed = 1, uses_anonymous_args = 0
  30 0000 80B5     		push	{r7, lr}
  31              	.LCFI0:
  32              		.cfi_def_cfa_offset 8
  33              		.cfi_offset 7, -8
  34              		.cfi_offset 14, -4
  35 0002 82B0     		sub	sp, sp, #8
  36              	.LCFI1:
  37              		.cfi_def_cfa_offset 16
  38 0004 00AF     		add	r7, sp, #0
  39              	.LCFI2:
  40              		.cfi_def_cfa_register 7
  41              	.LBB2:
  61:Src/stm32f1xx_hal_msp.c ****   /* USER CODE BEGIN MspInit 0 */
  62:Src/stm32f1xx_hal_msp.c **** 
  63:Src/stm32f1xx_hal_msp.c ****   /* USER CODE END MspInit 0 */
  64:Src/stm32f1xx_hal_msp.c **** 
  65:Src/stm32f1xx_hal_msp.c ****   __HAL_RCC_AFIO_CLK_ENABLE();
  42              		.loc 1 65 0
  43 0006 234B     		ldr	r3, .L2
  44 0008 9B69     		ldr	r3, [r3, #24]
  45 000a 224A     		ldr	r2, .L2
  46 000c 43F00103 		orr	r3, r3, #1
  47 0010 9361     		str	r3, [r2, #24]
  48 0012 204B     		ldr	r3, .L2
  49 0014 9B69     		ldr	r3, [r3, #24]
  50 0016 03F00103 		and	r3, r3, #1
ARM GAS  /tmp/ccqzls93.s 			page 3


  51 001a 7B60     		str	r3, [r7, #4]
  52 001c 7B68     		ldr	r3, [r7, #4]
  53              	.LBE2:
  66:Src/stm32f1xx_hal_msp.c **** 
  67:Src/stm32f1xx_hal_msp.c ****   HAL_NVIC_SetPriorityGrouping(NVIC_PRIORITYGROUP_4);
  54              		.loc 1 67 0
  55 001e 0320     		movs	r0, #3
  56 0020 FFF7FEFF 		bl	HAL_NVIC_SetPriorityGrouping
  68:Src/stm32f1xx_hal_msp.c **** 
  69:Src/stm32f1xx_hal_msp.c ****   /* System interrupt init*/
  70:Src/stm32f1xx_hal_msp.c ****   /* MemoryManagement_IRQn interrupt configuration */
  71:Src/stm32f1xx_hal_msp.c ****   HAL_NVIC_SetPriority(MemoryManagement_IRQn, 0, 0);
  57              		.loc 1 71 0
  58 0024 0022     		movs	r2, #0
  59 0026 0021     		movs	r1, #0
  60 0028 6FF00B00 		mvn	r0, #11
  61 002c FFF7FEFF 		bl	HAL_NVIC_SetPriority
  72:Src/stm32f1xx_hal_msp.c ****   /* BusFault_IRQn interrupt configuration */
  73:Src/stm32f1xx_hal_msp.c ****   HAL_NVIC_SetPriority(BusFault_IRQn, 0, 0);
  62              		.loc 1 73 0
  63 0030 0022     		movs	r2, #0
  64 0032 0021     		movs	r1, #0
  65 0034 6FF00A00 		mvn	r0, #10
  66 0038 FFF7FEFF 		bl	HAL_NVIC_SetPriority
  74:Src/stm32f1xx_hal_msp.c ****   /* UsageFault_IRQn interrupt configuration */
  75:Src/stm32f1xx_hal_msp.c ****   HAL_NVIC_SetPriority(UsageFault_IRQn, 0, 0);
  67              		.loc 1 75 0
  68 003c 0022     		movs	r2, #0
  69 003e 0021     		movs	r1, #0
  70 0040 6FF00900 		mvn	r0, #9
  71 0044 FFF7FEFF 		bl	HAL_NVIC_SetPriority
  76:Src/stm32f1xx_hal_msp.c ****   /* SVCall_IRQn interrupt configuration */
  77:Src/stm32f1xx_hal_msp.c ****   HAL_NVIC_SetPriority(SVCall_IRQn, 0, 0);
  72              		.loc 1 77 0
  73 0048 0022     		movs	r2, #0
  74 004a 0021     		movs	r1, #0
  75 004c 6FF00400 		mvn	r0, #4
  76 0050 FFF7FEFF 		bl	HAL_NVIC_SetPriority
  78:Src/stm32f1xx_hal_msp.c ****   /* DebugMonitor_IRQn interrupt configuration */
  79:Src/stm32f1xx_hal_msp.c ****   HAL_NVIC_SetPriority(DebugMonitor_IRQn, 0, 0);
  77              		.loc 1 79 0
  78 0054 0022     		movs	r2, #0
  79 0056 0021     		movs	r1, #0
  80 0058 6FF00300 		mvn	r0, #3
  81 005c FFF7FEFF 		bl	HAL_NVIC_SetPriority
  80:Src/stm32f1xx_hal_msp.c ****   /* PendSV_IRQn interrupt configuration */
  81:Src/stm32f1xx_hal_msp.c ****   HAL_NVIC_SetPriority(PendSV_IRQn, 0, 0);
  82              		.loc 1 81 0
  83 0060 0022     		movs	r2, #0
  84 0062 0021     		movs	r1, #0
  85 0064 6FF00100 		mvn	r0, #1
  86 0068 FFF7FEFF 		bl	HAL_NVIC_SetPriority
  82:Src/stm32f1xx_hal_msp.c ****   /* SysTick_IRQn interrupt configuration */
  83:Src/stm32f1xx_hal_msp.c ****   HAL_NVIC_SetPriority(SysTick_IRQn, 0, 0);
  87              		.loc 1 83 0
  88 006c 0022     		movs	r2, #0
  89 006e 0021     		movs	r1, #0
ARM GAS  /tmp/ccqzls93.s 			page 4


  90 0070 4FF0FF30 		mov	r0, #-1
  91 0074 FFF7FEFF 		bl	HAL_NVIC_SetPriority
  84:Src/stm32f1xx_hal_msp.c **** 
  85:Src/stm32f1xx_hal_msp.c ****     /**ENABLE: Full SWJ (JTAG-DP + SW-DP): Reset State 
  86:Src/stm32f1xx_hal_msp.c ****     */
  87:Src/stm32f1xx_hal_msp.c ****   __HAL_AFIO_REMAP_SWJ_ENABLE();
  92              		.loc 1 87 0
  93 0078 074B     		ldr	r3, .L2+4
  94 007a 5B68     		ldr	r3, [r3, #4]
  95 007c 064A     		ldr	r2, .L2+4
  96 007e 23F0E063 		bic	r3, r3, #117440512
  97 0082 5360     		str	r3, [r2, #4]
  98 0084 044B     		ldr	r3, .L2+4
  99 0086 044A     		ldr	r2, .L2+4
 100 0088 5B68     		ldr	r3, [r3, #4]
 101 008a 5360     		str	r3, [r2, #4]
  88:Src/stm32f1xx_hal_msp.c **** 
  89:Src/stm32f1xx_hal_msp.c ****   /* USER CODE BEGIN MspInit 1 */
  90:Src/stm32f1xx_hal_msp.c **** 
  91:Src/stm32f1xx_hal_msp.c ****   /* USER CODE END MspInit 1 */
  92:Src/stm32f1xx_hal_msp.c **** }
 102              		.loc 1 92 0
 103 008c 00BF     		nop
 104 008e 0837     		adds	r7, r7, #8
 105              	.LCFI3:
 106              		.cfi_def_cfa_offset 8
 107 0090 BD46     		mov	sp, r7
 108              	.LCFI4:
 109              		.cfi_def_cfa_register 13
 110              		@ sp needed
 111 0092 80BD     		pop	{r7, pc}
 112              	.L3:
 113              		.align	2
 114              	.L2:
 115 0094 00100240 		.word	1073876992
 116 0098 00000140 		.word	1073807360
 117              		.cfi_endproc
 118              	.LFE66:
 120              		.text
 121              	.Letext0:
 122              		.file 2 "/usr/include/newlib/machine/_default_types.h"
 123              		.file 3 "/usr/include/newlib/sys/_stdint.h"
 124              		.file 4 "Drivers/CMSIS/Include/core_cm3.h"
 125              		.file 5 "Drivers/CMSIS/Device/ST/STM32F1xx/Include/system_stm32f1xx.h"
 126              		.file 6 "Drivers/CMSIS/Device/ST/STM32F1xx/Include/stm32f103xb.h"
 127              		.file 7 "/usr/include/newlib/sys/lock.h"
 128              		.file 8 "/usr/include/newlib/sys/_types.h"
 129              		.file 9 "/usr/lib/gcc/arm-none-eabi/7.3.1/include/stddef.h"
 130              		.file 10 "/usr/include/newlib/sys/reent.h"
ARM GAS  /tmp/ccqzls93.s 			page 5


DEFINED SYMBOLS
                            *ABS*:0000000000000000 stm32f1xx_hal_msp.c
     /tmp/ccqzls93.s:16     .text.HAL_MspInit:0000000000000000 $t
     /tmp/ccqzls93.s:23     .text.HAL_MspInit:0000000000000000 HAL_MspInit
     /tmp/ccqzls93.s:115    .text.HAL_MspInit:0000000000000094 $d

UNDEFINED SYMBOLS
HAL_NVIC_SetPriorityGrouping
HAL_NVIC_SetPriority
