ARM GAS  /tmp/ccQbBEzW.s 			page 1


   1              		.cpu cortex-m3
   2              		.eabi_attribute 20, 1
   3              		.eabi_attribute 21, 1
   4              		.eabi_attribute 23, 3
   5              		.eabi_attribute 24, 1
   6              		.eabi_attribute 25, 1
   7              		.eabi_attribute 26, 1
   8              		.eabi_attribute 30, 6
   9              		.eabi_attribute 34, 1
  10              		.eabi_attribute 18, 4
  11              		.file	"usb_device.c"
  12              		.text
  13              	.Ltext0:
  14              		.cfi_sections	.debug_frame
  15              		.comm	hUsbDeviceFS,548,4
  16              		.section	.text.MX_USB_DEVICE_Init,"ax",%progbits
  17              		.align	1
  18              		.global	MX_USB_DEVICE_Init
  19              		.syntax unified
  20              		.thumb
  21              		.thumb_func
  22              		.fpu softvfp
  24              	MX_USB_DEVICE_Init:
  25              	.LFB66:
  26              		.file 1 "Src/usb_device.c"
   1:Src/usb_device.c **** /**
   2:Src/usb_device.c ****   ******************************************************************************
   3:Src/usb_device.c ****   * @file           : USB_DEVICE  
   4:Src/usb_device.c ****   * @version        : v2.0_Cube
   5:Src/usb_device.c ****   * @brief          : This file implements the USB Device 
   6:Src/usb_device.c ****   ******************************************************************************
   7:Src/usb_device.c ****   * This notice applies to any and all portions of this file
   8:Src/usb_device.c ****   * that are not between comment pairs USER CODE BEGIN and
   9:Src/usb_device.c ****   * USER CODE END. Other portions of this file, whether 
  10:Src/usb_device.c ****   * inserted by the user or by software development tools
  11:Src/usb_device.c ****   * are owned by their respective copyright owners.
  12:Src/usb_device.c ****   *
  13:Src/usb_device.c ****   * Copyright (c) 2017 STMicroelectronics International N.V. 
  14:Src/usb_device.c ****   * All rights reserved.
  15:Src/usb_device.c ****   *
  16:Src/usb_device.c ****   * Redistribution and use in source and binary forms, with or without 
  17:Src/usb_device.c ****   * modification, are permitted, provided that the following conditions are met:
  18:Src/usb_device.c ****   *
  19:Src/usb_device.c ****   * 1. Redistribution of source code must retain the above copyright notice, 
  20:Src/usb_device.c ****   *    this list of conditions and the following disclaimer.
  21:Src/usb_device.c ****   * 2. Redistributions in binary form must reproduce the above copyright notice,
  22:Src/usb_device.c ****   *    this list of conditions and the following disclaimer in the documentation
  23:Src/usb_device.c ****   *    and/or other materials provided with the distribution.
  24:Src/usb_device.c ****   * 3. Neither the name of STMicroelectronics nor the names of other 
  25:Src/usb_device.c ****   *    contributors to this software may be used to endorse or promote products 
  26:Src/usb_device.c ****   *    derived from this software without specific written permission.
  27:Src/usb_device.c ****   * 4. This software, including modifications and/or derivative works of this 
  28:Src/usb_device.c ****   *    software, must execute solely and exclusively on microcontroller or
  29:Src/usb_device.c ****   *    microprocessor devices manufactured by or for STMicroelectronics.
  30:Src/usb_device.c ****   * 5. Redistribution and use of this software other than as permitted under 
  31:Src/usb_device.c ****   *    this license is void and will automatically terminate your rights under 
  32:Src/usb_device.c ****   *    this license. 
ARM GAS  /tmp/ccQbBEzW.s 			page 2


  33:Src/usb_device.c ****   *
  34:Src/usb_device.c ****   * THIS SOFTWARE IS PROVIDED BY STMICROELECTRONICS AND CONTRIBUTORS "AS IS" 
  35:Src/usb_device.c ****   * AND ANY EXPRESS, IMPLIED OR STATUTORY WARRANTIES, INCLUDING, BUT NOT 
  36:Src/usb_device.c ****   * LIMITED TO, THE IMPLIED WARRANTIES OF MERCHANTABILITY, FITNESS FOR A 
  37:Src/usb_device.c ****   * PARTICULAR PURPOSE AND NON-INFRINGEMENT OF THIRD PARTY INTELLECTUAL PROPERTY
  38:Src/usb_device.c ****   * RIGHTS ARE DISCLAIMED TO THE FULLEST EXTENT PERMITTED BY LAW. IN NO EVENT 
  39:Src/usb_device.c ****   * SHALL STMICROELECTRONICS OR CONTRIBUTORS BE LIABLE FOR ANY DIRECT, INDIRECT,
  40:Src/usb_device.c ****   * INCIDENTAL, SPECIAL, EXEMPLARY, OR CONSEQUENTIAL DAMAGES (INCLUDING, BUT NOT
  41:Src/usb_device.c ****   * LIMITED TO, PROCUREMENT OF SUBSTITUTE GOODS OR SERVICES; LOSS OF USE, DATA, 
  42:Src/usb_device.c ****   * OR PROFITS; OR BUSINESS INTERRUPTION) HOWEVER CAUSED AND ON ANY THEORY OF 
  43:Src/usb_device.c ****   * LIABILITY, WHETHER IN CONTRACT, STRICT LIABILITY, OR TORT (INCLUDING 
  44:Src/usb_device.c ****   * NEGLIGENCE OR OTHERWISE) ARISING IN ANY WAY OUT OF THE USE OF THIS SOFTWARE,
  45:Src/usb_device.c ****   * EVEN IF ADVISED OF THE POSSIBILITY OF SUCH DAMAGE.
  46:Src/usb_device.c ****   *
  47:Src/usb_device.c ****   ******************************************************************************
  48:Src/usb_device.c **** */
  49:Src/usb_device.c **** 
  50:Src/usb_device.c **** /* Includes ------------------------------------------------------------------*/
  51:Src/usb_device.c **** 
  52:Src/usb_device.c **** #include "usb_device.h"
  53:Src/usb_device.c **** #include "usbd_core.h"
  54:Src/usb_device.c **** #include "usbd_desc.h"
  55:Src/usb_device.c **** #include "usbd_hid.h"
  56:Src/usb_device.c **** 
  57:Src/usb_device.c **** /* USB Device Core handle declaration */
  58:Src/usb_device.c **** USBD_HandleTypeDef hUsbDeviceFS;
  59:Src/usb_device.c **** 
  60:Src/usb_device.c **** /* init function */				        
  61:Src/usb_device.c **** void MX_USB_DEVICE_Init(void)
  62:Src/usb_device.c **** {
  27              		.loc 1 62 0
  28              		.cfi_startproc
  29              		@ args = 0, pretend = 0, frame = 0
  30              		@ frame_needed = 1, uses_anonymous_args = 0
  31 0000 80B5     		push	{r7, lr}
  32              	.LCFI0:
  33              		.cfi_def_cfa_offset 8
  34              		.cfi_offset 7, -8
  35              		.cfi_offset 14, -4
  36 0002 00AF     		add	r7, sp, #0
  37              	.LCFI1:
  38              		.cfi_def_cfa_register 7
  63:Src/usb_device.c ****   /* Init Device Library,Add Supported Class and Start the library*/
  64:Src/usb_device.c ****   USBD_Init(&hUsbDeviceFS, &FS_Desc, DEVICE_FS);
  39              		.loc 1 64 0
  40 0004 0022     		movs	r2, #0
  41 0006 0649     		ldr	r1, .L2
  42 0008 0648     		ldr	r0, .L2+4
  43 000a FFF7FEFF 		bl	USBD_Init
  65:Src/usb_device.c **** 
  66:Src/usb_device.c ****   USBD_RegisterClass(&hUsbDeviceFS, &USBD_HID);
  44              		.loc 1 66 0
  45 000e 0649     		ldr	r1, .L2+8
  46 0010 0448     		ldr	r0, .L2+4
  47 0012 FFF7FEFF 		bl	USBD_RegisterClass
  67:Src/usb_device.c **** 
  68:Src/usb_device.c ****   USBD_Start(&hUsbDeviceFS);
ARM GAS  /tmp/ccQbBEzW.s 			page 3


  48              		.loc 1 68 0
  49 0016 0348     		ldr	r0, .L2+4
  50 0018 FFF7FEFF 		bl	USBD_Start
  69:Src/usb_device.c **** 
  70:Src/usb_device.c **** }
  51              		.loc 1 70 0
  52 001c 00BF     		nop
  53 001e 80BD     		pop	{r7, pc}
  54              	.L3:
  55              		.align	2
  56              	.L2:
  57 0020 00000000 		.word	FS_Desc
  58 0024 00000000 		.word	hUsbDeviceFS
  59 0028 00000000 		.word	USBD_HID
  60              		.cfi_endproc
  61              	.LFE66:
  63              		.text
  64              	.Letext0:
  65              		.file 2 "/usr/include/newlib/machine/_default_types.h"
  66              		.file 3 "/usr/include/newlib/sys/_stdint.h"
  67              		.file 4 "Drivers/CMSIS/Include/core_cm3.h"
  68              		.file 5 "Drivers/CMSIS/Device/ST/STM32F1xx/Include/system_stm32f1xx.h"
  69              		.file 6 "/usr/include/newlib/sys/lock.h"
  70              		.file 7 "/usr/include/newlib/sys/_types.h"
  71              		.file 8 "/usr/lib/gcc/arm-none-eabi/7.3.1/include/stddef.h"
  72              		.file 9 "/usr/include/newlib/sys/reent.h"
  73              		.file 10 "/usr/include/newlib/stdlib.h"
  74              		.file 11 "Middlewares/ST/STM32_USB_Device_Library/Core/Inc/usbd_def.h"
  75              		.file 12 "Inc/usb_device.h"
  76              		.file 13 "Inc/usbd_desc.h"
  77              		.file 14 "Middlewares/ST/STM32_USB_Device_Library/Class/HID/Inc/usbd_hid.h"
ARM GAS  /tmp/ccQbBEzW.s 			page 4


DEFINED SYMBOLS
                            *ABS*:0000000000000000 usb_device.c
                            *COM*:0000000000000224 hUsbDeviceFS
     /tmp/ccQbBEzW.s:17     .text.MX_USB_DEVICE_Init:0000000000000000 $t
     /tmp/ccQbBEzW.s:24     .text.MX_USB_DEVICE_Init:0000000000000000 MX_USB_DEVICE_Init
     /tmp/ccQbBEzW.s:57     .text.MX_USB_DEVICE_Init:0000000000000020 $d

UNDEFINED SYMBOLS
USBD_Init
USBD_RegisterClass
USBD_Start
FS_Desc
USBD_HID
