ARM GAS  /tmp/cccx8yEx.s 			page 1


   1              		.cpu cortex-m3
   2              		.eabi_attribute 20, 1
   3              		.eabi_attribute 21, 1
   4              		.eabi_attribute 23, 3
   5              		.eabi_attribute 24, 1
   6              		.eabi_attribute 25, 1
   7              		.eabi_attribute 26, 1
   8              		.eabi_attribute 30, 6
   9              		.eabi_attribute 34, 1
  10              		.eabi_attribute 18, 4
  11              		.file	"usbd_ioreq.c"
  12              		.text
  13              	.Ltext0:
  14              		.cfi_sections	.debug_frame
  15              		.section	.text.USBD_CtlSendData,"ax",%progbits
  16              		.align	1
  17              		.global	USBD_CtlSendData
  18              		.syntax unified
  19              		.thumb
  20              		.thumb_func
  21              		.fpu softvfp
  23              	USBD_CtlSendData:
  24              	.LFB66:
  25              		.file 1 "Middlewares/ST/STM32_USB_Device_Library/Core/Src/usbd_ioreq.c"
   1:Middlewares/ST/STM32_USB_Device_Library/Core/Src/usbd_ioreq.c **** /**
   2:Middlewares/ST/STM32_USB_Device_Library/Core/Src/usbd_ioreq.c ****   ******************************************************************************
   3:Middlewares/ST/STM32_USB_Device_Library/Core/Src/usbd_ioreq.c ****   * @file    usbd_ioreq.c
   4:Middlewares/ST/STM32_USB_Device_Library/Core/Src/usbd_ioreq.c ****   * @author  MCD Application Team
   5:Middlewares/ST/STM32_USB_Device_Library/Core/Src/usbd_ioreq.c ****   * @version V2.4.2
   6:Middlewares/ST/STM32_USB_Device_Library/Core/Src/usbd_ioreq.c ****   * @date    11-December-2015
   7:Middlewares/ST/STM32_USB_Device_Library/Core/Src/usbd_ioreq.c ****   * @brief   This file provides the IO requests APIs for control endpoints.
   8:Middlewares/ST/STM32_USB_Device_Library/Core/Src/usbd_ioreq.c ****   ******************************************************************************
   9:Middlewares/ST/STM32_USB_Device_Library/Core/Src/usbd_ioreq.c ****   * @attention
  10:Middlewares/ST/STM32_USB_Device_Library/Core/Src/usbd_ioreq.c ****   *
  11:Middlewares/ST/STM32_USB_Device_Library/Core/Src/usbd_ioreq.c ****   * <h2><center>&copy; COPYRIGHT 2015 STMicroelectronics</center></h2>
  12:Middlewares/ST/STM32_USB_Device_Library/Core/Src/usbd_ioreq.c ****   *
  13:Middlewares/ST/STM32_USB_Device_Library/Core/Src/usbd_ioreq.c ****   * Licensed under MCD-ST Liberty SW License Agreement V2, (the "License");
  14:Middlewares/ST/STM32_USB_Device_Library/Core/Src/usbd_ioreq.c ****   * You may not use this file except in compliance with the License.
  15:Middlewares/ST/STM32_USB_Device_Library/Core/Src/usbd_ioreq.c ****   * You may obtain a copy of the License at:
  16:Middlewares/ST/STM32_USB_Device_Library/Core/Src/usbd_ioreq.c ****   *
  17:Middlewares/ST/STM32_USB_Device_Library/Core/Src/usbd_ioreq.c ****   *        http://www.st.com/software_license_agreement_liberty_v2
  18:Middlewares/ST/STM32_USB_Device_Library/Core/Src/usbd_ioreq.c ****   *
  19:Middlewares/ST/STM32_USB_Device_Library/Core/Src/usbd_ioreq.c ****   * Unless required by applicable law or agreed to in writing, software 
  20:Middlewares/ST/STM32_USB_Device_Library/Core/Src/usbd_ioreq.c ****   * distributed under the License is distributed on an "AS IS" BASIS, 
  21:Middlewares/ST/STM32_USB_Device_Library/Core/Src/usbd_ioreq.c ****   * WITHOUT WARRANTIES OR CONDITIONS OF ANY KIND, either express or implied.
  22:Middlewares/ST/STM32_USB_Device_Library/Core/Src/usbd_ioreq.c ****   * See the License for the specific language governing permissions and
  23:Middlewares/ST/STM32_USB_Device_Library/Core/Src/usbd_ioreq.c ****   * limitations under the License.
  24:Middlewares/ST/STM32_USB_Device_Library/Core/Src/usbd_ioreq.c ****   *
  25:Middlewares/ST/STM32_USB_Device_Library/Core/Src/usbd_ioreq.c ****   ******************************************************************************
  26:Middlewares/ST/STM32_USB_Device_Library/Core/Src/usbd_ioreq.c ****   */ 
  27:Middlewares/ST/STM32_USB_Device_Library/Core/Src/usbd_ioreq.c **** 
  28:Middlewares/ST/STM32_USB_Device_Library/Core/Src/usbd_ioreq.c **** /* Includes ------------------------------------------------------------------*/
  29:Middlewares/ST/STM32_USB_Device_Library/Core/Src/usbd_ioreq.c **** #include "usbd_ioreq.h"
  30:Middlewares/ST/STM32_USB_Device_Library/Core/Src/usbd_ioreq.c **** 
  31:Middlewares/ST/STM32_USB_Device_Library/Core/Src/usbd_ioreq.c **** /** @addtogroup STM32_USB_DEVICE_LIBRARY
  32:Middlewares/ST/STM32_USB_Device_Library/Core/Src/usbd_ioreq.c ****   * @{
  33:Middlewares/ST/STM32_USB_Device_Library/Core/Src/usbd_ioreq.c ****   */
ARM GAS  /tmp/cccx8yEx.s 			page 2


  34:Middlewares/ST/STM32_USB_Device_Library/Core/Src/usbd_ioreq.c **** 
  35:Middlewares/ST/STM32_USB_Device_Library/Core/Src/usbd_ioreq.c **** 
  36:Middlewares/ST/STM32_USB_Device_Library/Core/Src/usbd_ioreq.c **** /** @defgroup USBD_IOREQ 
  37:Middlewares/ST/STM32_USB_Device_Library/Core/Src/usbd_ioreq.c ****   * @brief control I/O requests module
  38:Middlewares/ST/STM32_USB_Device_Library/Core/Src/usbd_ioreq.c ****   * @{
  39:Middlewares/ST/STM32_USB_Device_Library/Core/Src/usbd_ioreq.c ****   */ 
  40:Middlewares/ST/STM32_USB_Device_Library/Core/Src/usbd_ioreq.c **** 
  41:Middlewares/ST/STM32_USB_Device_Library/Core/Src/usbd_ioreq.c **** /** @defgroup USBD_IOREQ_Private_TypesDefinitions
  42:Middlewares/ST/STM32_USB_Device_Library/Core/Src/usbd_ioreq.c ****   * @{
  43:Middlewares/ST/STM32_USB_Device_Library/Core/Src/usbd_ioreq.c ****   */ 
  44:Middlewares/ST/STM32_USB_Device_Library/Core/Src/usbd_ioreq.c **** /**
  45:Middlewares/ST/STM32_USB_Device_Library/Core/Src/usbd_ioreq.c ****   * @}
  46:Middlewares/ST/STM32_USB_Device_Library/Core/Src/usbd_ioreq.c ****   */ 
  47:Middlewares/ST/STM32_USB_Device_Library/Core/Src/usbd_ioreq.c **** 
  48:Middlewares/ST/STM32_USB_Device_Library/Core/Src/usbd_ioreq.c **** 
  49:Middlewares/ST/STM32_USB_Device_Library/Core/Src/usbd_ioreq.c **** /** @defgroup USBD_IOREQ_Private_Defines
  50:Middlewares/ST/STM32_USB_Device_Library/Core/Src/usbd_ioreq.c ****   * @{
  51:Middlewares/ST/STM32_USB_Device_Library/Core/Src/usbd_ioreq.c ****   */ 
  52:Middlewares/ST/STM32_USB_Device_Library/Core/Src/usbd_ioreq.c **** 
  53:Middlewares/ST/STM32_USB_Device_Library/Core/Src/usbd_ioreq.c **** /**
  54:Middlewares/ST/STM32_USB_Device_Library/Core/Src/usbd_ioreq.c ****   * @}
  55:Middlewares/ST/STM32_USB_Device_Library/Core/Src/usbd_ioreq.c ****   */ 
  56:Middlewares/ST/STM32_USB_Device_Library/Core/Src/usbd_ioreq.c **** 
  57:Middlewares/ST/STM32_USB_Device_Library/Core/Src/usbd_ioreq.c **** 
  58:Middlewares/ST/STM32_USB_Device_Library/Core/Src/usbd_ioreq.c **** /** @defgroup USBD_IOREQ_Private_Macros
  59:Middlewares/ST/STM32_USB_Device_Library/Core/Src/usbd_ioreq.c ****   * @{
  60:Middlewares/ST/STM32_USB_Device_Library/Core/Src/usbd_ioreq.c ****   */ 
  61:Middlewares/ST/STM32_USB_Device_Library/Core/Src/usbd_ioreq.c **** /**
  62:Middlewares/ST/STM32_USB_Device_Library/Core/Src/usbd_ioreq.c ****   * @}
  63:Middlewares/ST/STM32_USB_Device_Library/Core/Src/usbd_ioreq.c ****   */ 
  64:Middlewares/ST/STM32_USB_Device_Library/Core/Src/usbd_ioreq.c **** 
  65:Middlewares/ST/STM32_USB_Device_Library/Core/Src/usbd_ioreq.c **** 
  66:Middlewares/ST/STM32_USB_Device_Library/Core/Src/usbd_ioreq.c **** /** @defgroup USBD_IOREQ_Private_Variables
  67:Middlewares/ST/STM32_USB_Device_Library/Core/Src/usbd_ioreq.c ****   * @{
  68:Middlewares/ST/STM32_USB_Device_Library/Core/Src/usbd_ioreq.c ****   */ 
  69:Middlewares/ST/STM32_USB_Device_Library/Core/Src/usbd_ioreq.c **** 
  70:Middlewares/ST/STM32_USB_Device_Library/Core/Src/usbd_ioreq.c **** /**
  71:Middlewares/ST/STM32_USB_Device_Library/Core/Src/usbd_ioreq.c ****   * @}
  72:Middlewares/ST/STM32_USB_Device_Library/Core/Src/usbd_ioreq.c ****   */ 
  73:Middlewares/ST/STM32_USB_Device_Library/Core/Src/usbd_ioreq.c **** 
  74:Middlewares/ST/STM32_USB_Device_Library/Core/Src/usbd_ioreq.c **** 
  75:Middlewares/ST/STM32_USB_Device_Library/Core/Src/usbd_ioreq.c **** /** @defgroup USBD_IOREQ_Private_FunctionPrototypes
  76:Middlewares/ST/STM32_USB_Device_Library/Core/Src/usbd_ioreq.c ****   * @{
  77:Middlewares/ST/STM32_USB_Device_Library/Core/Src/usbd_ioreq.c ****   */ 
  78:Middlewares/ST/STM32_USB_Device_Library/Core/Src/usbd_ioreq.c **** /**
  79:Middlewares/ST/STM32_USB_Device_Library/Core/Src/usbd_ioreq.c ****   * @}
  80:Middlewares/ST/STM32_USB_Device_Library/Core/Src/usbd_ioreq.c ****   */ 
  81:Middlewares/ST/STM32_USB_Device_Library/Core/Src/usbd_ioreq.c **** 
  82:Middlewares/ST/STM32_USB_Device_Library/Core/Src/usbd_ioreq.c **** 
  83:Middlewares/ST/STM32_USB_Device_Library/Core/Src/usbd_ioreq.c **** /** @defgroup USBD_IOREQ_Private_Functions
  84:Middlewares/ST/STM32_USB_Device_Library/Core/Src/usbd_ioreq.c ****   * @{
  85:Middlewares/ST/STM32_USB_Device_Library/Core/Src/usbd_ioreq.c ****   */ 
  86:Middlewares/ST/STM32_USB_Device_Library/Core/Src/usbd_ioreq.c **** 
  87:Middlewares/ST/STM32_USB_Device_Library/Core/Src/usbd_ioreq.c **** /**
  88:Middlewares/ST/STM32_USB_Device_Library/Core/Src/usbd_ioreq.c **** * @brief  USBD_CtlSendData
  89:Middlewares/ST/STM32_USB_Device_Library/Core/Src/usbd_ioreq.c **** *         send data on the ctl pipe
  90:Middlewares/ST/STM32_USB_Device_Library/Core/Src/usbd_ioreq.c **** * @param  pdev: device instance
ARM GAS  /tmp/cccx8yEx.s 			page 3


  91:Middlewares/ST/STM32_USB_Device_Library/Core/Src/usbd_ioreq.c **** * @param  buff: pointer to data buffer
  92:Middlewares/ST/STM32_USB_Device_Library/Core/Src/usbd_ioreq.c **** * @param  len: length of data to be sent
  93:Middlewares/ST/STM32_USB_Device_Library/Core/Src/usbd_ioreq.c **** * @retval status
  94:Middlewares/ST/STM32_USB_Device_Library/Core/Src/usbd_ioreq.c **** */
  95:Middlewares/ST/STM32_USB_Device_Library/Core/Src/usbd_ioreq.c **** USBD_StatusTypeDef  USBD_CtlSendData (USBD_HandleTypeDef  *pdev, 
  96:Middlewares/ST/STM32_USB_Device_Library/Core/Src/usbd_ioreq.c ****                                uint8_t *pbuf,
  97:Middlewares/ST/STM32_USB_Device_Library/Core/Src/usbd_ioreq.c ****                                uint16_t len)
  98:Middlewares/ST/STM32_USB_Device_Library/Core/Src/usbd_ioreq.c **** {
  26              		.loc 1 98 0
  27              		.cfi_startproc
  28              		@ args = 0, pretend = 0, frame = 16
  29              		@ frame_needed = 1, uses_anonymous_args = 0
  30 0000 80B5     		push	{r7, lr}
  31              	.LCFI0:
  32              		.cfi_def_cfa_offset 8
  33              		.cfi_offset 7, -8
  34              		.cfi_offset 14, -4
  35 0002 84B0     		sub	sp, sp, #16
  36              	.LCFI1:
  37              		.cfi_def_cfa_offset 24
  38 0004 00AF     		add	r7, sp, #0
  39              	.LCFI2:
  40              		.cfi_def_cfa_register 7
  41 0006 F860     		str	r0, [r7, #12]
  42 0008 B960     		str	r1, [r7, #8]
  43 000a 1346     		mov	r3, r2
  44 000c FB80     		strh	r3, [r7, #6]	@ movhi
  99:Middlewares/ST/STM32_USB_Device_Library/Core/Src/usbd_ioreq.c ****   /* Set EP0 State */
 100:Middlewares/ST/STM32_USB_Device_Library/Core/Src/usbd_ioreq.c ****   pdev->ep0_state          = USBD_EP0_DATA_IN;                                      
  45              		.loc 1 100 0
  46 000e FB68     		ldr	r3, [r7, #12]
  47 0010 0222     		movs	r2, #2
  48 0012 C3F8F421 		str	r2, [r3, #500]
 101:Middlewares/ST/STM32_USB_Device_Library/Core/Src/usbd_ioreq.c ****   pdev->ep_in[0].total_length = len;
  49              		.loc 1 101 0
  50 0016 FA88     		ldrh	r2, [r7, #6]
  51 0018 FB68     		ldr	r3, [r7, #12]
  52 001a 9A61     		str	r2, [r3, #24]
 102:Middlewares/ST/STM32_USB_Device_Library/Core/Src/usbd_ioreq.c ****   pdev->ep_in[0].rem_length   = len;
  53              		.loc 1 102 0
  54 001c FA88     		ldrh	r2, [r7, #6]
  55 001e FB68     		ldr	r3, [r7, #12]
  56 0020 DA61     		str	r2, [r3, #28]
 103:Middlewares/ST/STM32_USB_Device_Library/Core/Src/usbd_ioreq.c ****  /* Start the transfer */
 104:Middlewares/ST/STM32_USB_Device_Library/Core/Src/usbd_ioreq.c ****   USBD_LL_Transmit (pdev, 0x00, pbuf, len);  
  57              		.loc 1 104 0
  58 0022 FB88     		ldrh	r3, [r7, #6]
  59 0024 BA68     		ldr	r2, [r7, #8]
  60 0026 0021     		movs	r1, #0
  61 0028 F868     		ldr	r0, [r7, #12]
  62 002a FFF7FEFF 		bl	USBD_LL_Transmit
 105:Middlewares/ST/STM32_USB_Device_Library/Core/Src/usbd_ioreq.c ****   
 106:Middlewares/ST/STM32_USB_Device_Library/Core/Src/usbd_ioreq.c ****   return USBD_OK;
  63              		.loc 1 106 0
  64 002e 0023     		movs	r3, #0
 107:Middlewares/ST/STM32_USB_Device_Library/Core/Src/usbd_ioreq.c **** }
  65              		.loc 1 107 0
ARM GAS  /tmp/cccx8yEx.s 			page 4


  66 0030 1846     		mov	r0, r3
  67 0032 1037     		adds	r7, r7, #16
  68              	.LCFI3:
  69              		.cfi_def_cfa_offset 8
  70 0034 BD46     		mov	sp, r7
  71              	.LCFI4:
  72              		.cfi_def_cfa_register 13
  73              		@ sp needed
  74 0036 80BD     		pop	{r7, pc}
  75              		.cfi_endproc
  76              	.LFE66:
  78              		.section	.text.USBD_CtlContinueSendData,"ax",%progbits
  79              		.align	1
  80              		.global	USBD_CtlContinueSendData
  81              		.syntax unified
  82              		.thumb
  83              		.thumb_func
  84              		.fpu softvfp
  86              	USBD_CtlContinueSendData:
  87              	.LFB67:
 108:Middlewares/ST/STM32_USB_Device_Library/Core/Src/usbd_ioreq.c **** 
 109:Middlewares/ST/STM32_USB_Device_Library/Core/Src/usbd_ioreq.c **** /**
 110:Middlewares/ST/STM32_USB_Device_Library/Core/Src/usbd_ioreq.c **** * @brief  USBD_CtlContinueSendData
 111:Middlewares/ST/STM32_USB_Device_Library/Core/Src/usbd_ioreq.c **** *         continue sending data on the ctl pipe
 112:Middlewares/ST/STM32_USB_Device_Library/Core/Src/usbd_ioreq.c **** * @param  pdev: device instance
 113:Middlewares/ST/STM32_USB_Device_Library/Core/Src/usbd_ioreq.c **** * @param  buff: pointer to data buffer
 114:Middlewares/ST/STM32_USB_Device_Library/Core/Src/usbd_ioreq.c **** * @param  len: length of data to be sent
 115:Middlewares/ST/STM32_USB_Device_Library/Core/Src/usbd_ioreq.c **** * @retval status
 116:Middlewares/ST/STM32_USB_Device_Library/Core/Src/usbd_ioreq.c **** */
 117:Middlewares/ST/STM32_USB_Device_Library/Core/Src/usbd_ioreq.c **** USBD_StatusTypeDef  USBD_CtlContinueSendData (USBD_HandleTypeDef  *pdev, 
 118:Middlewares/ST/STM32_USB_Device_Library/Core/Src/usbd_ioreq.c ****                                        uint8_t *pbuf,
 119:Middlewares/ST/STM32_USB_Device_Library/Core/Src/usbd_ioreq.c ****                                        uint16_t len)
 120:Middlewares/ST/STM32_USB_Device_Library/Core/Src/usbd_ioreq.c **** {
  88              		.loc 1 120 0
  89              		.cfi_startproc
  90              		@ args = 0, pretend = 0, frame = 16
  91              		@ frame_needed = 1, uses_anonymous_args = 0
  92 0000 80B5     		push	{r7, lr}
  93              	.LCFI5:
  94              		.cfi_def_cfa_offset 8
  95              		.cfi_offset 7, -8
  96              		.cfi_offset 14, -4
  97 0002 84B0     		sub	sp, sp, #16
  98              	.LCFI6:
  99              		.cfi_def_cfa_offset 24
 100 0004 00AF     		add	r7, sp, #0
 101              	.LCFI7:
 102              		.cfi_def_cfa_register 7
 103 0006 F860     		str	r0, [r7, #12]
 104 0008 B960     		str	r1, [r7, #8]
 105 000a 1346     		mov	r3, r2
 106 000c FB80     		strh	r3, [r7, #6]	@ movhi
 121:Middlewares/ST/STM32_USB_Device_Library/Core/Src/usbd_ioreq.c ****  /* Start the next transfer */
 122:Middlewares/ST/STM32_USB_Device_Library/Core/Src/usbd_ioreq.c ****   USBD_LL_Transmit (pdev, 0x00, pbuf, len);   
 107              		.loc 1 122 0
 108 000e FB88     		ldrh	r3, [r7, #6]
 109 0010 BA68     		ldr	r2, [r7, #8]
ARM GAS  /tmp/cccx8yEx.s 			page 5


 110 0012 0021     		movs	r1, #0
 111 0014 F868     		ldr	r0, [r7, #12]
 112 0016 FFF7FEFF 		bl	USBD_LL_Transmit
 123:Middlewares/ST/STM32_USB_Device_Library/Core/Src/usbd_ioreq.c ****   
 124:Middlewares/ST/STM32_USB_Device_Library/Core/Src/usbd_ioreq.c ****   return USBD_OK;
 113              		.loc 1 124 0
 114 001a 0023     		movs	r3, #0
 125:Middlewares/ST/STM32_USB_Device_Library/Core/Src/usbd_ioreq.c **** }
 115              		.loc 1 125 0
 116 001c 1846     		mov	r0, r3
 117 001e 1037     		adds	r7, r7, #16
 118              	.LCFI8:
 119              		.cfi_def_cfa_offset 8
 120 0020 BD46     		mov	sp, r7
 121              	.LCFI9:
 122              		.cfi_def_cfa_register 13
 123              		@ sp needed
 124 0022 80BD     		pop	{r7, pc}
 125              		.cfi_endproc
 126              	.LFE67:
 128              		.section	.text.USBD_CtlPrepareRx,"ax",%progbits
 129              		.align	1
 130              		.global	USBD_CtlPrepareRx
 131              		.syntax unified
 132              		.thumb
 133              		.thumb_func
 134              		.fpu softvfp
 136              	USBD_CtlPrepareRx:
 137              	.LFB68:
 126:Middlewares/ST/STM32_USB_Device_Library/Core/Src/usbd_ioreq.c **** 
 127:Middlewares/ST/STM32_USB_Device_Library/Core/Src/usbd_ioreq.c **** /**
 128:Middlewares/ST/STM32_USB_Device_Library/Core/Src/usbd_ioreq.c **** * @brief  USBD_CtlPrepareRx
 129:Middlewares/ST/STM32_USB_Device_Library/Core/Src/usbd_ioreq.c **** *         receive data on the ctl pipe
 130:Middlewares/ST/STM32_USB_Device_Library/Core/Src/usbd_ioreq.c **** * @param  pdev: device instance
 131:Middlewares/ST/STM32_USB_Device_Library/Core/Src/usbd_ioreq.c **** * @param  buff: pointer to data buffer
 132:Middlewares/ST/STM32_USB_Device_Library/Core/Src/usbd_ioreq.c **** * @param  len: length of data to be received
 133:Middlewares/ST/STM32_USB_Device_Library/Core/Src/usbd_ioreq.c **** * @retval status
 134:Middlewares/ST/STM32_USB_Device_Library/Core/Src/usbd_ioreq.c **** */
 135:Middlewares/ST/STM32_USB_Device_Library/Core/Src/usbd_ioreq.c **** USBD_StatusTypeDef  USBD_CtlPrepareRx (USBD_HandleTypeDef  *pdev,
 136:Middlewares/ST/STM32_USB_Device_Library/Core/Src/usbd_ioreq.c ****                                   uint8_t *pbuf,                                  
 137:Middlewares/ST/STM32_USB_Device_Library/Core/Src/usbd_ioreq.c ****                                   uint16_t len)
 138:Middlewares/ST/STM32_USB_Device_Library/Core/Src/usbd_ioreq.c **** {
 138              		.loc 1 138 0
 139              		.cfi_startproc
 140              		@ args = 0, pretend = 0, frame = 16
 141              		@ frame_needed = 1, uses_anonymous_args = 0
 142 0000 80B5     		push	{r7, lr}
 143              	.LCFI10:
 144              		.cfi_def_cfa_offset 8
 145              		.cfi_offset 7, -8
 146              		.cfi_offset 14, -4
 147 0002 84B0     		sub	sp, sp, #16
 148              	.LCFI11:
 149              		.cfi_def_cfa_offset 24
 150 0004 00AF     		add	r7, sp, #0
 151              	.LCFI12:
 152              		.cfi_def_cfa_register 7
ARM GAS  /tmp/cccx8yEx.s 			page 6


 153 0006 F860     		str	r0, [r7, #12]
 154 0008 B960     		str	r1, [r7, #8]
 155 000a 1346     		mov	r3, r2
 156 000c FB80     		strh	r3, [r7, #6]	@ movhi
 139:Middlewares/ST/STM32_USB_Device_Library/Core/Src/usbd_ioreq.c ****   /* Set EP0 State */
 140:Middlewares/ST/STM32_USB_Device_Library/Core/Src/usbd_ioreq.c ****   pdev->ep0_state = USBD_EP0_DATA_OUT; 
 157              		.loc 1 140 0
 158 000e FB68     		ldr	r3, [r7, #12]
 159 0010 0322     		movs	r2, #3
 160 0012 C3F8F421 		str	r2, [r3, #500]
 141:Middlewares/ST/STM32_USB_Device_Library/Core/Src/usbd_ioreq.c ****   pdev->ep_out[0].total_length = len;
 161              		.loc 1 141 0
 162 0016 FA88     		ldrh	r2, [r7, #6]
 163 0018 FB68     		ldr	r3, [r7, #12]
 164 001a C3F80821 		str	r2, [r3, #264]
 142:Middlewares/ST/STM32_USB_Device_Library/Core/Src/usbd_ioreq.c ****   pdev->ep_out[0].rem_length   = len;
 165              		.loc 1 142 0
 166 001e FA88     		ldrh	r2, [r7, #6]
 167 0020 FB68     		ldr	r3, [r7, #12]
 168 0022 C3F80C21 		str	r2, [r3, #268]
 143:Middlewares/ST/STM32_USB_Device_Library/Core/Src/usbd_ioreq.c ****   /* Start the transfer */
 144:Middlewares/ST/STM32_USB_Device_Library/Core/Src/usbd_ioreq.c ****   USBD_LL_PrepareReceive (pdev,
 169              		.loc 1 144 0
 170 0026 FB88     		ldrh	r3, [r7, #6]
 171 0028 BA68     		ldr	r2, [r7, #8]
 172 002a 0021     		movs	r1, #0
 173 002c F868     		ldr	r0, [r7, #12]
 174 002e FFF7FEFF 		bl	USBD_LL_PrepareReceive
 145:Middlewares/ST/STM32_USB_Device_Library/Core/Src/usbd_ioreq.c ****                           0,
 146:Middlewares/ST/STM32_USB_Device_Library/Core/Src/usbd_ioreq.c ****                           pbuf,
 147:Middlewares/ST/STM32_USB_Device_Library/Core/Src/usbd_ioreq.c ****                          len);
 148:Middlewares/ST/STM32_USB_Device_Library/Core/Src/usbd_ioreq.c ****   
 149:Middlewares/ST/STM32_USB_Device_Library/Core/Src/usbd_ioreq.c ****   return USBD_OK;
 175              		.loc 1 149 0
 176 0032 0023     		movs	r3, #0
 150:Middlewares/ST/STM32_USB_Device_Library/Core/Src/usbd_ioreq.c **** }
 177              		.loc 1 150 0
 178 0034 1846     		mov	r0, r3
 179 0036 1037     		adds	r7, r7, #16
 180              	.LCFI13:
 181              		.cfi_def_cfa_offset 8
 182 0038 BD46     		mov	sp, r7
 183              	.LCFI14:
 184              		.cfi_def_cfa_register 13
 185              		@ sp needed
 186 003a 80BD     		pop	{r7, pc}
 187              		.cfi_endproc
 188              	.LFE68:
 190              		.section	.text.USBD_CtlContinueRx,"ax",%progbits
 191              		.align	1
 192              		.global	USBD_CtlContinueRx
 193              		.syntax unified
 194              		.thumb
 195              		.thumb_func
 196              		.fpu softvfp
 198              	USBD_CtlContinueRx:
 199              	.LFB69:
ARM GAS  /tmp/cccx8yEx.s 			page 7


 151:Middlewares/ST/STM32_USB_Device_Library/Core/Src/usbd_ioreq.c **** 
 152:Middlewares/ST/STM32_USB_Device_Library/Core/Src/usbd_ioreq.c **** /**
 153:Middlewares/ST/STM32_USB_Device_Library/Core/Src/usbd_ioreq.c **** * @brief  USBD_CtlContinueRx
 154:Middlewares/ST/STM32_USB_Device_Library/Core/Src/usbd_ioreq.c **** *         continue receive data on the ctl pipe
 155:Middlewares/ST/STM32_USB_Device_Library/Core/Src/usbd_ioreq.c **** * @param  pdev: device instance
 156:Middlewares/ST/STM32_USB_Device_Library/Core/Src/usbd_ioreq.c **** * @param  buff: pointer to data buffer
 157:Middlewares/ST/STM32_USB_Device_Library/Core/Src/usbd_ioreq.c **** * @param  len: length of data to be received
 158:Middlewares/ST/STM32_USB_Device_Library/Core/Src/usbd_ioreq.c **** * @retval status
 159:Middlewares/ST/STM32_USB_Device_Library/Core/Src/usbd_ioreq.c **** */
 160:Middlewares/ST/STM32_USB_Device_Library/Core/Src/usbd_ioreq.c **** USBD_StatusTypeDef  USBD_CtlContinueRx (USBD_HandleTypeDef  *pdev, 
 161:Middlewares/ST/STM32_USB_Device_Library/Core/Src/usbd_ioreq.c ****                                           uint8_t *pbuf,                                          
 162:Middlewares/ST/STM32_USB_Device_Library/Core/Src/usbd_ioreq.c ****                                           uint16_t len)
 163:Middlewares/ST/STM32_USB_Device_Library/Core/Src/usbd_ioreq.c **** {
 200              		.loc 1 163 0
 201              		.cfi_startproc
 202              		@ args = 0, pretend = 0, frame = 16
 203              		@ frame_needed = 1, uses_anonymous_args = 0
 204 0000 80B5     		push	{r7, lr}
 205              	.LCFI15:
 206              		.cfi_def_cfa_offset 8
 207              		.cfi_offset 7, -8
 208              		.cfi_offset 14, -4
 209 0002 84B0     		sub	sp, sp, #16
 210              	.LCFI16:
 211              		.cfi_def_cfa_offset 24
 212 0004 00AF     		add	r7, sp, #0
 213              	.LCFI17:
 214              		.cfi_def_cfa_register 7
 215 0006 F860     		str	r0, [r7, #12]
 216 0008 B960     		str	r1, [r7, #8]
 217 000a 1346     		mov	r3, r2
 218 000c FB80     		strh	r3, [r7, #6]	@ movhi
 164:Middlewares/ST/STM32_USB_Device_Library/Core/Src/usbd_ioreq.c **** 
 165:Middlewares/ST/STM32_USB_Device_Library/Core/Src/usbd_ioreq.c ****   USBD_LL_PrepareReceive (pdev,
 219              		.loc 1 165 0
 220 000e FB88     		ldrh	r3, [r7, #6]
 221 0010 BA68     		ldr	r2, [r7, #8]
 222 0012 0021     		movs	r1, #0
 223 0014 F868     		ldr	r0, [r7, #12]
 224 0016 FFF7FEFF 		bl	USBD_LL_PrepareReceive
 166:Middlewares/ST/STM32_USB_Device_Library/Core/Src/usbd_ioreq.c ****                           0,                     
 167:Middlewares/ST/STM32_USB_Device_Library/Core/Src/usbd_ioreq.c ****                           pbuf,                         
 168:Middlewares/ST/STM32_USB_Device_Library/Core/Src/usbd_ioreq.c ****                           len);
 169:Middlewares/ST/STM32_USB_Device_Library/Core/Src/usbd_ioreq.c ****   return USBD_OK;
 225              		.loc 1 169 0
 226 001a 0023     		movs	r3, #0
 170:Middlewares/ST/STM32_USB_Device_Library/Core/Src/usbd_ioreq.c **** }
 227              		.loc 1 170 0
 228 001c 1846     		mov	r0, r3
 229 001e 1037     		adds	r7, r7, #16
 230              	.LCFI18:
 231              		.cfi_def_cfa_offset 8
 232 0020 BD46     		mov	sp, r7
 233              	.LCFI19:
 234              		.cfi_def_cfa_register 13
 235              		@ sp needed
 236 0022 80BD     		pop	{r7, pc}
ARM GAS  /tmp/cccx8yEx.s 			page 8


 237              		.cfi_endproc
 238              	.LFE69:
 240              		.section	.text.USBD_CtlSendStatus,"ax",%progbits
 241              		.align	1
 242              		.global	USBD_CtlSendStatus
 243              		.syntax unified
 244              		.thumb
 245              		.thumb_func
 246              		.fpu softvfp
 248              	USBD_CtlSendStatus:
 249              	.LFB70:
 171:Middlewares/ST/STM32_USB_Device_Library/Core/Src/usbd_ioreq.c **** /**
 172:Middlewares/ST/STM32_USB_Device_Library/Core/Src/usbd_ioreq.c **** * @brief  USBD_CtlSendStatus
 173:Middlewares/ST/STM32_USB_Device_Library/Core/Src/usbd_ioreq.c **** *         send zero lzngth packet on the ctl pipe
 174:Middlewares/ST/STM32_USB_Device_Library/Core/Src/usbd_ioreq.c **** * @param  pdev: device instance
 175:Middlewares/ST/STM32_USB_Device_Library/Core/Src/usbd_ioreq.c **** * @retval status
 176:Middlewares/ST/STM32_USB_Device_Library/Core/Src/usbd_ioreq.c **** */
 177:Middlewares/ST/STM32_USB_Device_Library/Core/Src/usbd_ioreq.c **** USBD_StatusTypeDef  USBD_CtlSendStatus (USBD_HandleTypeDef  *pdev)
 178:Middlewares/ST/STM32_USB_Device_Library/Core/Src/usbd_ioreq.c **** {
 250              		.loc 1 178 0
 251              		.cfi_startproc
 252              		@ args = 0, pretend = 0, frame = 8
 253              		@ frame_needed = 1, uses_anonymous_args = 0
 254 0000 80B5     		push	{r7, lr}
 255              	.LCFI20:
 256              		.cfi_def_cfa_offset 8
 257              		.cfi_offset 7, -8
 258              		.cfi_offset 14, -4
 259 0002 82B0     		sub	sp, sp, #8
 260              	.LCFI21:
 261              		.cfi_def_cfa_offset 16
 262 0004 00AF     		add	r7, sp, #0
 263              	.LCFI22:
 264              		.cfi_def_cfa_register 7
 265 0006 7860     		str	r0, [r7, #4]
 179:Middlewares/ST/STM32_USB_Device_Library/Core/Src/usbd_ioreq.c **** 
 180:Middlewares/ST/STM32_USB_Device_Library/Core/Src/usbd_ioreq.c ****   /* Set EP0 State */
 181:Middlewares/ST/STM32_USB_Device_Library/Core/Src/usbd_ioreq.c ****   pdev->ep0_state = USBD_EP0_STATUS_IN;
 266              		.loc 1 181 0
 267 0008 7B68     		ldr	r3, [r7, #4]
 268 000a 0422     		movs	r2, #4
 269 000c C3F8F421 		str	r2, [r3, #500]
 182:Middlewares/ST/STM32_USB_Device_Library/Core/Src/usbd_ioreq.c ****   
 183:Middlewares/ST/STM32_USB_Device_Library/Core/Src/usbd_ioreq.c ****  /* Start the transfer */
 184:Middlewares/ST/STM32_USB_Device_Library/Core/Src/usbd_ioreq.c ****   USBD_LL_Transmit (pdev, 0x00, NULL, 0);   
 270              		.loc 1 184 0
 271 0010 0023     		movs	r3, #0
 272 0012 0022     		movs	r2, #0
 273 0014 0021     		movs	r1, #0
 274 0016 7868     		ldr	r0, [r7, #4]
 275 0018 FFF7FEFF 		bl	USBD_LL_Transmit
 185:Middlewares/ST/STM32_USB_Device_Library/Core/Src/usbd_ioreq.c ****   
 186:Middlewares/ST/STM32_USB_Device_Library/Core/Src/usbd_ioreq.c ****   return USBD_OK;
 276              		.loc 1 186 0
 277 001c 0023     		movs	r3, #0
 187:Middlewares/ST/STM32_USB_Device_Library/Core/Src/usbd_ioreq.c **** }
 278              		.loc 1 187 0
ARM GAS  /tmp/cccx8yEx.s 			page 9


 279 001e 1846     		mov	r0, r3
 280 0020 0837     		adds	r7, r7, #8
 281              	.LCFI23:
 282              		.cfi_def_cfa_offset 8
 283 0022 BD46     		mov	sp, r7
 284              	.LCFI24:
 285              		.cfi_def_cfa_register 13
 286              		@ sp needed
 287 0024 80BD     		pop	{r7, pc}
 288              		.cfi_endproc
 289              	.LFE70:
 291              		.section	.text.USBD_CtlReceiveStatus,"ax",%progbits
 292              		.align	1
 293              		.global	USBD_CtlReceiveStatus
 294              		.syntax unified
 295              		.thumb
 296              		.thumb_func
 297              		.fpu softvfp
 299              	USBD_CtlReceiveStatus:
 300              	.LFB71:
 188:Middlewares/ST/STM32_USB_Device_Library/Core/Src/usbd_ioreq.c **** 
 189:Middlewares/ST/STM32_USB_Device_Library/Core/Src/usbd_ioreq.c **** /**
 190:Middlewares/ST/STM32_USB_Device_Library/Core/Src/usbd_ioreq.c **** * @brief  USBD_CtlReceiveStatus
 191:Middlewares/ST/STM32_USB_Device_Library/Core/Src/usbd_ioreq.c **** *         receive zero lzngth packet on the ctl pipe
 192:Middlewares/ST/STM32_USB_Device_Library/Core/Src/usbd_ioreq.c **** * @param  pdev: device instance
 193:Middlewares/ST/STM32_USB_Device_Library/Core/Src/usbd_ioreq.c **** * @retval status
 194:Middlewares/ST/STM32_USB_Device_Library/Core/Src/usbd_ioreq.c **** */
 195:Middlewares/ST/STM32_USB_Device_Library/Core/Src/usbd_ioreq.c **** USBD_StatusTypeDef  USBD_CtlReceiveStatus (USBD_HandleTypeDef  *pdev)
 196:Middlewares/ST/STM32_USB_Device_Library/Core/Src/usbd_ioreq.c **** {
 301              		.loc 1 196 0
 302              		.cfi_startproc
 303              		@ args = 0, pretend = 0, frame = 8
 304              		@ frame_needed = 1, uses_anonymous_args = 0
 305 0000 80B5     		push	{r7, lr}
 306              	.LCFI25:
 307              		.cfi_def_cfa_offset 8
 308              		.cfi_offset 7, -8
 309              		.cfi_offset 14, -4
 310 0002 82B0     		sub	sp, sp, #8
 311              	.LCFI26:
 312              		.cfi_def_cfa_offset 16
 313 0004 00AF     		add	r7, sp, #0
 314              	.LCFI27:
 315              		.cfi_def_cfa_register 7
 316 0006 7860     		str	r0, [r7, #4]
 197:Middlewares/ST/STM32_USB_Device_Library/Core/Src/usbd_ioreq.c ****   /* Set EP0 State */
 198:Middlewares/ST/STM32_USB_Device_Library/Core/Src/usbd_ioreq.c ****   pdev->ep0_state = USBD_EP0_STATUS_OUT; 
 317              		.loc 1 198 0
 318 0008 7B68     		ldr	r3, [r7, #4]
 319 000a 0522     		movs	r2, #5
 320 000c C3F8F421 		str	r2, [r3, #500]
 199:Middlewares/ST/STM32_USB_Device_Library/Core/Src/usbd_ioreq.c ****   
 200:Middlewares/ST/STM32_USB_Device_Library/Core/Src/usbd_ioreq.c ****  /* Start the transfer */  
 201:Middlewares/ST/STM32_USB_Device_Library/Core/Src/usbd_ioreq.c ****   USBD_LL_PrepareReceive ( pdev,
 321              		.loc 1 201 0
 322 0010 0023     		movs	r3, #0
 323 0012 0022     		movs	r2, #0
ARM GAS  /tmp/cccx8yEx.s 			page 10


 324 0014 0021     		movs	r1, #0
 325 0016 7868     		ldr	r0, [r7, #4]
 326 0018 FFF7FEFF 		bl	USBD_LL_PrepareReceive
 202:Middlewares/ST/STM32_USB_Device_Library/Core/Src/usbd_ioreq.c ****                     0,
 203:Middlewares/ST/STM32_USB_Device_Library/Core/Src/usbd_ioreq.c ****                     NULL,
 204:Middlewares/ST/STM32_USB_Device_Library/Core/Src/usbd_ioreq.c ****                     0);  
 205:Middlewares/ST/STM32_USB_Device_Library/Core/Src/usbd_ioreq.c **** 
 206:Middlewares/ST/STM32_USB_Device_Library/Core/Src/usbd_ioreq.c ****   return USBD_OK;
 327              		.loc 1 206 0
 328 001c 0023     		movs	r3, #0
 207:Middlewares/ST/STM32_USB_Device_Library/Core/Src/usbd_ioreq.c **** }
 329              		.loc 1 207 0
 330 001e 1846     		mov	r0, r3
 331 0020 0837     		adds	r7, r7, #8
 332              	.LCFI28:
 333              		.cfi_def_cfa_offset 8
 334 0022 BD46     		mov	sp, r7
 335              	.LCFI29:
 336              		.cfi_def_cfa_register 13
 337              		@ sp needed
 338 0024 80BD     		pop	{r7, pc}
 339              		.cfi_endproc
 340              	.LFE71:
 342              		.section	.text.USBD_GetRxCount,"ax",%progbits
 343              		.align	1
 344              		.global	USBD_GetRxCount
 345              		.syntax unified
 346              		.thumb
 347              		.thumb_func
 348              		.fpu softvfp
 350              	USBD_GetRxCount:
 351              	.LFB72:
 208:Middlewares/ST/STM32_USB_Device_Library/Core/Src/usbd_ioreq.c **** 
 209:Middlewares/ST/STM32_USB_Device_Library/Core/Src/usbd_ioreq.c **** 
 210:Middlewares/ST/STM32_USB_Device_Library/Core/Src/usbd_ioreq.c **** /**
 211:Middlewares/ST/STM32_USB_Device_Library/Core/Src/usbd_ioreq.c **** * @brief  USBD_GetRxCount
 212:Middlewares/ST/STM32_USB_Device_Library/Core/Src/usbd_ioreq.c **** *         returns the received data length
 213:Middlewares/ST/STM32_USB_Device_Library/Core/Src/usbd_ioreq.c **** * @param  pdev: device instance
 214:Middlewares/ST/STM32_USB_Device_Library/Core/Src/usbd_ioreq.c **** * @param  ep_addr: endpoint address
 215:Middlewares/ST/STM32_USB_Device_Library/Core/Src/usbd_ioreq.c **** * @retval Rx Data blength
 216:Middlewares/ST/STM32_USB_Device_Library/Core/Src/usbd_ioreq.c **** */
 217:Middlewares/ST/STM32_USB_Device_Library/Core/Src/usbd_ioreq.c **** uint16_t  USBD_GetRxCount (USBD_HandleTypeDef  *pdev , uint8_t ep_addr)
 218:Middlewares/ST/STM32_USB_Device_Library/Core/Src/usbd_ioreq.c **** {
 352              		.loc 1 218 0
 353              		.cfi_startproc
 354              		@ args = 0, pretend = 0, frame = 8
 355              		@ frame_needed = 1, uses_anonymous_args = 0
 356 0000 80B5     		push	{r7, lr}
 357              	.LCFI30:
 358              		.cfi_def_cfa_offset 8
 359              		.cfi_offset 7, -8
 360              		.cfi_offset 14, -4
 361 0002 82B0     		sub	sp, sp, #8
 362              	.LCFI31:
 363              		.cfi_def_cfa_offset 16
 364 0004 00AF     		add	r7, sp, #0
 365              	.LCFI32:
ARM GAS  /tmp/cccx8yEx.s 			page 11


 366              		.cfi_def_cfa_register 7
 367 0006 7860     		str	r0, [r7, #4]
 368 0008 0B46     		mov	r3, r1
 369 000a FB70     		strb	r3, [r7, #3]
 219:Middlewares/ST/STM32_USB_Device_Library/Core/Src/usbd_ioreq.c ****   return USBD_LL_GetRxDataSize(pdev, ep_addr);
 370              		.loc 1 219 0
 371 000c FB78     		ldrb	r3, [r7, #3]	@ zero_extendqisi2
 372 000e 1946     		mov	r1, r3
 373 0010 7868     		ldr	r0, [r7, #4]
 374 0012 FFF7FEFF 		bl	USBD_LL_GetRxDataSize
 375 0016 0346     		mov	r3, r0
 376 0018 9BB2     		uxth	r3, r3
 220:Middlewares/ST/STM32_USB_Device_Library/Core/Src/usbd_ioreq.c **** }
 377              		.loc 1 220 0
 378 001a 1846     		mov	r0, r3
 379 001c 0837     		adds	r7, r7, #8
 380              	.LCFI33:
 381              		.cfi_def_cfa_offset 8
 382 001e BD46     		mov	sp, r7
 383              	.LCFI34:
 384              		.cfi_def_cfa_register 13
 385              		@ sp needed
 386 0020 80BD     		pop	{r7, pc}
 387              		.cfi_endproc
 388              	.LFE72:
 390              		.text
 391              	.Letext0:
 392              		.file 2 "/usr/include/newlib/machine/_default_types.h"
 393              		.file 3 "/usr/include/newlib/sys/lock.h"
 394              		.file 4 "/usr/include/newlib/sys/_types.h"
 395              		.file 5 "/usr/lib/gcc/arm-none-eabi/7.3.1/include/stddef.h"
 396              		.file 6 "/usr/include/newlib/sys/reent.h"
 397              		.file 7 "/usr/include/newlib/sys/_stdint.h"
 398              		.file 8 "/usr/include/newlib/stdlib.h"
 399              		.file 9 "Drivers/CMSIS/Include/core_cm3.h"
 400              		.file 10 "Drivers/CMSIS/Device/ST/STM32F1xx/Include/system_stm32f1xx.h"
 401              		.file 11 "Middlewares/ST/STM32_USB_Device_Library/Core/Inc/usbd_def.h"
ARM GAS  /tmp/cccx8yEx.s 			page 12


DEFINED SYMBOLS
                            *ABS*:0000000000000000 usbd_ioreq.c
     /tmp/cccx8yEx.s:16     .text.USBD_CtlSendData:0000000000000000 $t
     /tmp/cccx8yEx.s:23     .text.USBD_CtlSendData:0000000000000000 USBD_CtlSendData
     /tmp/cccx8yEx.s:79     .text.USBD_CtlContinueSendData:0000000000000000 $t
     /tmp/cccx8yEx.s:86     .text.USBD_CtlContinueSendData:0000000000000000 USBD_CtlContinueSendData
     /tmp/cccx8yEx.s:129    .text.USBD_CtlPrepareRx:0000000000000000 $t
     /tmp/cccx8yEx.s:136    .text.USBD_CtlPrepareRx:0000000000000000 USBD_CtlPrepareRx
     /tmp/cccx8yEx.s:191    .text.USBD_CtlContinueRx:0000000000000000 $t
     /tmp/cccx8yEx.s:198    .text.USBD_CtlContinueRx:0000000000000000 USBD_CtlContinueRx
     /tmp/cccx8yEx.s:241    .text.USBD_CtlSendStatus:0000000000000000 $t
     /tmp/cccx8yEx.s:248    .text.USBD_CtlSendStatus:0000000000000000 USBD_CtlSendStatus
     /tmp/cccx8yEx.s:292    .text.USBD_CtlReceiveStatus:0000000000000000 $t
     /tmp/cccx8yEx.s:299    .text.USBD_CtlReceiveStatus:0000000000000000 USBD_CtlReceiveStatus
     /tmp/cccx8yEx.s:343    .text.USBD_GetRxCount:0000000000000000 $t
     /tmp/cccx8yEx.s:350    .text.USBD_GetRxCount:0000000000000000 USBD_GetRxCount

UNDEFINED SYMBOLS
USBD_LL_Transmit
USBD_LL_PrepareReceive
USBD_LL_GetRxDataSize
